This is LuaTeX, Version beta-0.80.0 (TeX Live 2015/Debian) (rev 5238)  (format=lualatex 2016.6.25)  13 MAR 2017 10:14
 \write18 enabled.
 file:line:error style messages enabled.
**protokoll.tex
(/home/stefan/Projektpraktikum/protokoll/protokoll.tex
LaTeX2e <2016/02/01>
Babel <3.9q> and hyphenation patterns for 1 language(s) loaded.
(/usr/share/texlive/texmf-dist/tex/latex/koma-script/scrartcl.cls
Document Class: scrartcl 2015/10/03 v3.19a KOMA-Script document class (article)
(/usr/share/texlive/texmf-dist/tex/latex/koma-script/scrkbase.sty
Package: scrkbase 2015/10/03 v3.19a KOMA-Script package (KOMA-Script-dependent basics and keyval usage)
 (/usr/share/texlive/texmf-dist/tex/latex/koma-script/scrbase.sty
Package: scrbase 2015/10/03 v3.19a KOMA-Script package (KOMA-Script-independent basics and keyval usage)
 (/usr/share/texlive/texmf-dist/tex/latex/graphics/keyval.sty
Package: keyval 2014/10/28 v1.15 key=value parser (DPC)
\KV@toks@=\toks14
) (/usr/share/texlive/texmf-dist/tex/latex/koma-script/scrlfile.sty
Package: scrlfile 2015/10/03 v3.19a KOMA-Script package (loading files)

Package scrlfile, 2015/10/03 v3.19a KOMA-Script package (loading files)
                  Copyright (C) Markus Kohm

))) (/usr/share/texlive/texmf-dist/tex/latex/koma-script/tocbasic.sty
Package: tocbasic 2015/10/03 v3.19a KOMA-Script package (handling toc-files)
)
Package tocbasic Info: omitting babel extension for `toc'
(tocbasic)             because of feature `nobabel' available
(tocbasic)             for `toc' on input line 123.
Package tocbasic Info: omitting babel extension for `lof'
(tocbasic)             because of feature `nobabel' available
(tocbasic)             for `lof' on input line 124.
Package tocbasic Info: omitting babel extension for `lot'
(tocbasic)             because of feature `nobabel' available
(tocbasic)             for `lot' on input line 125.
Package scrartcl Info: You've used standard option `12pt'.
(scrartcl)             This is correct!
(scrartcl)             Internally I'm using `fontsize=12pt'.
(scrartcl)             If you'd like to set the option with \KOMAoptions,
(scrartcl)             you'd have to use `fontsize=12pt' there
(scrartcl)             instead of `12pt', too.
Class scrartcl Info: File `scrsize12pt.clo' used to setup font sizes on input line 2033.
 (/usr/share/texlive/texmf-dist/tex/latex/koma-script/scrsize12pt.clo
File: scrsize12pt.clo 2015/10/03 v3.19a KOMA-Script font size class option (12pt)
) (/usr/share/texlive/texmf-dist/tex/latex/koma-script/typearea.sty
Package: typearea 2015/10/03 v3.19a KOMA-Script package (type area)

Package typearea, 2015/10/03 v3.19a KOMA-Script package (type area)
                  Copyright (C) Frank Neukam, 1992-1994
                  Copyright (C) Markus Kohm, 1994-

\ta@bcor=\skip41
\ta@div=\count79
\ta@hblk=\skip42
\ta@vblk=\skip43
\ta@temp=\skip44
\footheight=\skip45
Package typearea Info: These are the values describing the layout:
(typearea)             DIV  = 12
(typearea)             BCOR = 0.0pt
(typearea)             \paperwidth      = 597.50793pt
(typearea)              \textwidth      = 448.13095pt
(typearea)              DIV departure   = -6%
(typearea)              \evensidemargin = 2.4185pt
(typearea)              \oddsidemargin  = 2.4185pt
(typearea)             \paperheight     = 845.04694pt
(typearea)              \textheight     = 635.5pt
(typearea)              \topmargin      = -41.72441pt
(typearea)              \headheight     = 18.125pt
(typearea)              \headsep        = 21.75pt
(typearea)              \topskip        = 12.0pt
(typearea)              \footskip       = 50.75pt
(typearea)              \baselineskip   = 14.5pt
(typearea)              on input line 1509.
)
\c@part=\count80
\c@section=\count81
\c@subsection=\count82
\c@subsubsection=\count83
\c@paragraph=\count84
\c@subparagraph=\count85
LaTeX Info: Redefining \textsubscript on input line 3906.
\abovecaptionskip=\skip46
\belowcaptionskip=\skip47
\c@pti@nb@sid@b@x=\box26
\c@figure=\count86
\c@table=\count87
\bibindent=\dimen102
) (/usr/share/texlive/texmf-dist/tex/latex/geometry/geometry.sty
Package: geometry 2010/09/12 v5.6 Page Geometry
 (/usr/share/texlive/texmf-dist/tex/generic/oberdiek/ifpdf.sty
Package: ifpdf 2011/01/30 v2.3 Provides the ifpdf switch (HO)
Package ifpdf Info: pdfTeX in PDF mode is detected.
) (/usr/share/texlive/texmf-dist/tex/generic/oberdiek/ifvtex.sty
Package: ifvtex 2010/03/01 v1.5 Detect VTeX and its facilities (HO)
Package ifvtex Info: VTeX not detected.
) (/usr/share/texlive/texmf-dist/tex/generic/ifxetex/ifxetex.sty
Package: ifxetex 2010/09/12 v0.6 Provides ifxetex conditional
)
\Gm@cnth=\count88
\Gm@cntv=\count89
\c@Gm@tempcnt=\count90
\Gm@bindingoffset=\dimen103
\Gm@wd@mp=\dimen104
\Gm@odd@mp=\dimen105
\Gm@even@mp=\dimen106
\Gm@layoutwidth=\dimen107
\Gm@layoutheight=\dimen108
\Gm@layouthoffset=\dimen109
\Gm@layoutvoffset=\dimen110
\Gm@dimlist=\toks15
) (/usr/share/texlive/texmf-dist/tex/latex/amsmath/amsmath.sty
Package: amsmath 2016/03/03 v2.15a AMS math features
\@mathmargin=\skip48

For additional information on amsmath, use the `?' option.
(/usr/share/texlive/texmf-dist/tex/latex/amsmath/amstext.sty
Package: amstext 2000/06/29 v2.01 AMS text
 (/usr/share/texlive/texmf-dist/tex/latex/amsmath/amsgen.sty
File: amsgen.sty 1999/11/30 v2.0 generic functions
\@emptytoks=\toks16
\ex@=\dimen111
)) (/usr/share/texlive/texmf-dist/tex/latex/amsmath/amsbsy.sty
Package: amsbsy 1999/11/29 v1.2d Bold Symbols
\pmbraise@=\dimen112
) (/usr/share/texlive/texmf-dist/tex/latex/amsmath/amsopn.sty
Package: amsopn 1999/12/14 v2.01 operator names
)
\inf@bad=\count91
LaTeX Info: Redefining \frac on input line 199.
\uproot@=\count92
\leftroot@=\count93
LaTeX Info: Redefining \overline on input line 297.
\classnum@=\count94
\DOTSCASE@=\count95
LaTeX Info: Redefining \ldots on input line 394.
LaTeX Info: Redefining \dots on input line 397.
LaTeX Info: Redefining \cdots on input line 518.
\Mathstrutbox@=\box27
\strutbox@=\box28
\big@size=\dimen113
LaTeX Font Info:    Redeclaring font encoding OML on input line 630.
LaTeX Font Info:    Redeclaring font encoding OMS on input line 631.
\macc@depth=\count96
\c@MaxMatrixCols=\count97
\dotsspace@=\muskip10
\c@parentequation=\count98
\dspbrk@lvl=\count99
\tag@help=\toks17
\row@=\count100
\column@=\count101
\maxfields@=\count102
\andhelp@=\toks18
\eqnshift@=\dimen114
\alignsep@=\dimen115
\tagshift@=\dimen116
\tagwidth@=\dimen117
\totwidth@=\dimen118
\lineht@=\dimen119
\@envbody=\toks19
\multlinegap=\skip49
\multlinetaggap=\skip50
\mathdisplay@stack=\toks20
LaTeX Info: Redefining \[ on input line 2735.
LaTeX Info: Redefining \] on input line 2736.
) (/usr/share/texlive/texmf-dist/tex/generic/babel/babel.sty
Package: babel 2016/02/24 3.9q The Babel package
 (/usr/share/texlive/texmf-dist/tex/generic/babel/luababel.def
\l@dumylang=\language1
\l@nohyphenation=\language2
\l@german-x-2014-05-21=\language3
\l@swissgerman=\language4
\l@german=\language5
\l@ngerman=\language6
\l@ngerman-x-2014-05-21=\language7
) (/usr/share/texlive/texmf-dist/tex/generic/babel-english/english.ldf
Language: english 2012/08/20 v3.3p English support from the babel system
 (/usr/share/texlive/texmf-dist/tex/generic/babel/babel.def
File: babel.def 2016/02/24 3.9q Babel common definitions
\babel@savecnt=\count103
\U@D=\dimen120
 (/usr/share/texlive/texmf-dist/tex/generic/babel/luababel.def))
\l@british = a dialect from \language\l@english 
\l@UKenglish = a dialect from \language\l@english 
\l@canadian = a dialect from \language\l@american 
\l@australian = a dialect from \language\l@british 
\l@newzealand = a dialect from \language\l@british 
)) (/usr/share/texlive/texmf-dist/tex/latex/fontspec/fontspec.sty (/usr/share/texlive/texmf-dist/tex/latex/l3kernel/expl3.sty
Package: expl3 2016/01/19 v6377 L3 programming layer (loader) 
 (/usr/share/texlive/texmf-dist/tex/latex/l3kernel/expl3-code.tex
Package: expl3 2016/01/19 v6377 L3 programming layer (code)
L3 Module: l3bootstrap 2016/01/01 v6339 L3 Bootstrap code
\ucharcat@table=\catcodetable5
L3 Module: l3names 2015/12/21 v6328 L3 Namespace for primitives
L3 Module: l3basics 2015/11/22 v6315 L3 Basic definitions
L3 Module: l3expan 2015/09/10 v5983 L3 Argument expansion
L3 Module: l3tl 2015/09/29 v6121 L3 Token lists
L3 Module: l3str 2016/01/03 v6357 L3 Strings
L3 Module: l3seq 2015/08/05 v5777 L3 Sequences and stacks
L3 Module: l3int 2016/01/05 v6366 L3 Integers
\c_max_int=\count104
\l_tmpa_int=\count105
\l_tmpb_int=\count106
\g_tmpa_int=\count107
\g_tmpb_int=\count108
L3 Module: l3quark 2015/08/17 v5855 L3 Quarks
L3 Module: l3prg 2015/11/01 v6216 L3 Control structures
\g__prg_map_int=\count109
L3 Module: l3clist 2015/09/02 v5901 L3 Comma separated lists
L3 Module: l3token 2015/11/11 v6249 L3 Experimental token manipulation
L3 Module: l3prop 2016/01/05 v6366 L3 Property lists
L3 Module: l3msg 2015/09/28 v6113 L3 Messages
L3 Module: l3file 2015/12/03 v6317 L3 File and I/O operations
\l_iow_line_count_int=\count110
\l__iow_target_count_int=\count111
\l__iow_current_line_int=\count112
\l__iow_current_word_int=\count113
\l__iow_current_indentation_int=\count114
L3 Module: l3skip 2016/01/05 v6366 L3 Dimensions and skips
\c_zero_dim=\dimen121
\c_max_dim=\dimen122
\l_tmpa_dim=\dimen123
\l_tmpb_dim=\dimen124
\g_tmpa_dim=\dimen125
\g_tmpb_dim=\dimen126
\c_zero_skip=\skip51
\c_max_skip=\skip52
\l_tmpa_skip=\skip53
\l_tmpb_skip=\skip54
\g_tmpa_skip=\skip55
\g_tmpb_skip=\skip56
\c_zero_muskip=\muskip11
\c_max_muskip=\muskip12
\l_tmpa_muskip=\muskip13
\l_tmpb_muskip=\muskip14
\g_tmpa_muskip=\muskip15
\g_tmpb_muskip=\muskip16
L3 Module: l3keys 2015/11/17 v6284 L3 Key-value interfaces
\g__keyval_level_int=\count115
\l_keys_choice_int=\count116
L3 Module: l3fp 2015/08/25 v5890 L3 Floating points
\c__fp_leading_shift_int=\count117
\c__fp_middle_shift_int=\count118
\c__fp_trailing_shift_int=\count119
\c__fp_big_leading_shift_int=\count120
\c__fp_big_middle_shift_int=\count121
\c__fp_big_trailing_shift_int=\count122
\c__fp_Bigg_leading_shift_int=\count123
\c__fp_Bigg_middle_shift_int=\count124
\c__fp_Bigg_trailing_shift_int=\count125
L3 Module: l3box 2015/08/09 v5822 L3 Experimental boxes
\c_empty_box=\box29
\l_tmpa_box=\box30
\l_tmpb_box=\box31
\g_tmpa_box=\box32
\g_tmpb_box=\box33
L3 Module: l3coffins 2015/08/06 v5789 L3 Coffin code layer
\l__coffin_internal_box=\box34
\l__coffin_internal_dim=\dimen127
\l__coffin_offset_x_dim=\dimen128
\l__coffin_offset_y_dim=\dimen129
\l__coffin_x_dim=\dimen130
\l__coffin_y_dim=\dimen131
\l__coffin_x_prime_dim=\dimen132
\l__coffin_y_prime_dim=\dimen133
\c_empty_coffin=\box35
\l__coffin_aligned_coffin=\box36
\l__coffin_aligned_internal_coffin=\box37
\l_tmpa_coffin=\box38
\l_tmpb_coffin=\box39
\l__coffin_display_coffin=\box40
\l__coffin_display_coord_coffin=\box41
\l__coffin_display_pole_coffin=\box42
\l__coffin_display_offset_dim=\dimen134
\l__coffin_display_x_dim=\dimen135
\l__coffin_display_y_dim=\dimen136
L3 Module: l3color 2014/08/23 v5354 L3 Experimental color support
L3 Module: l3sys 2015/09/25 v6087 L3 Experimental system/runtime functions
L3 Module: l3candidates 2016/01/14 v6376 L3 Experimental additions to l3kernel
\l__box_top_dim=\dimen137
\l__box_bottom_dim=\dimen138
\l__box_left_dim=\dimen139
\l__box_right_dim=\dimen140
\l__box_top_new_dim=\dimen141
\l__box_bottom_new_dim=\dimen142
\l__box_left_new_dim=\dimen143
\l__box_right_new_dim=\dimen144
\l__box_internal_box=\box43
\l__coffin_bounding_shift_dim=\dimen145
\l__coffin_left_corner_dim=\dimen146
\l__coffin_right_corner_dim=\dimen147
\l__coffin_bottom_corner_dim=\dimen148
\l__coffin_top_corner_dim=\dimen149
\l__coffin_scaled_total_height_dim=\dimen150
\l__coffin_scaled_width_dim=\dimen151
L3 Module: l3luatex 2015/11/11 v6250 L3 Experimental LuaTeX-specific functions
) (/usr/share/texlive/texmf-dist/tex/latex/l3kernel/l3pdfmode.def
File: l3pdfmode.def 2015/11/11 v6250 L3 Experimental driver: PDF mode
\l__driver_color_stack_int=\count126
)) (/usr/share/texlive/texmf-dist/tex/latex/l3packages/xparse/xparse.sty
Package: xparse 2016/01/19 v6377 L3 Experimental document command parser
\l__xparse_current_arg_int=\count127
\l__xparse_m_args_int=\count128
\l__xparse_mandatory_args_int=\count129
\l__xparse_processor_int=\count130
\l__xparse_v_nesting_int=\count131
)
Package: fontspec 2016/02/01 v2.5a Font selection for XeLaTeX and LuaLaTeX
 (/usr/share/texlive/texmf-dist/tex/luatex/luaotfload/luaotfload.sty
Package: luaotfload 2015/12/09 v2.6 OpenType layout system
Lua module: luaotfload-main 2015/12/09 2.60001 OpenType layout system.
Lua module: lualibs 2015-12-02 2.3 ConTeXt Lua standard libraries.
Lua module: lualibs-extended 2015-12-02 2.3 ConTeXt Lua libraries -- extended collection.(using write cache: /home/stefan/.texmf-var/luatex-cache/generic)(using read cache: /var/lib/texmf/luatex-cache/generic /home/stefan/.texmf-var/luatex-cache/generic)
luaotfload | conf : Root cache directory is /home/stefan/.texmf-var/luatex-cache/generic/names.
luaotfload | init : Loading fontloader “fontloader-2016-02-12.lua” from kpse-resolved path “/usr/share/texlive/texmf-dist/tex/luatex/luaotfload/fontloader-2016-02-12.lua”.
Lua-only attribute luaotfload@state = 1
Lua-only attribute luaotfload@cursbase = 2
Lua-only attribute luaotfload@noligature = 3
luaotfload | init : Context OpenType loader version “2.82”
Inserting `luaotfload.node_processor' at position 1 in `pre_linebreak_filter'.
Inserting `luaotfload.node_processor' at position 1 in `hpack_filter'.
Inserting `luaotfload.define_font' at position 1 in `define_font'.
Lua-only attribute luaotfload_color_attribute = 4
luaotfload | conf : Root cache directory is /home/stefan/.texmf-var/luatex-cache/generic/names.
Inserting `luaotfload.aux.set_sscale_dimens' at position 1 in `luaotfload.patch_font'.
Inserting `luaotfload.aux.patch_cambria_domh' at position 2 in `luaotfload.patch_font'.
Inserting `luaotfload.aux.fixup_fontdata' at position 1 in `luaotfload.patch_font_unsafe'.
Inserting `luaotfload.aux.set_capheight' at position 3 in `luaotfload.patch_font'.
Inserting `luaotfload.rewrite_fontname' at position 4 in `luaotfload.patch_font'.
luaotfload | main : initialization completed in 0.069 seconds)
Lua module: fontspec 2016/02/01 2.5a Advanced font selection for LuaLaTeX. (/usr/share/texlive/texmf-dist/tex/latex/fontspec/fontspec-luatex.sty
Package: fontspec-luatex 2016/02/01 v2.5a Font selection for XeLaTeX and LuaLaTeX
\l_fontspec_script_int=\count132
\l_fontspec_language_int=\count133
\l_fontspec_strnum_int=\count134
\l__fontspec_tmpa_dim=\dimen152
\l__fontspec_tmpb_dim=\dimen153
\l__fontspec_tmpc_dim=\dimen154
\g__file_internal_ior=\read1
 (/usr/share/texlive/texmf-dist/tex/latex/base/fontenc.sty
Package: fontenc 2005/09/27 v1.99g Standard LaTeX package
 (/usr/share/texlive/texmf-dist/tex/latex/euenc/eu2enc.def
File: eu2enc.def 2010/05/27 v0.1h Experimental Unicode font encodings
)
LaTeX Font Info:    Try loading font information for EU2+lmr on input line 105.
 (/usr/share/texlive/texmf-dist/tex/latex/euenc/eu2lmr.fd
File: eu2lmr.fd 2009/10/30 v1.6 Font defs for Latin Modern
)
luaotfload | db : Font names database loaded from /home/stefan/.texmf-var/luatex-cache/generic/names/luaotfload-names.luc(compiling luc: /var/lib/texmf/luatex-cache/generic/fonts/otf/lmroman10-regular.luc)(load luc: /home/stefan/.texmf-var/luatex-cache/generic/fonts/otf/lmroman10-regular.luc))(compiling luc: /var/lib/texmf/luatex-cache/generic/fonts/otf/lmroman12-regular.luc)(load luc: /home/stefan/.texmf-var/luatex-cache/generic/fonts/otf/lmroman12-regular.luc) (/usr/share/texlive/texmf-dist/tex/xelatex/xunicode/xunicode.sty
File: xunicode.sty 2011/09/09 v0.981 provides access to latin accents and many other characters in Unicode lower plane
 (/usr/share/texmf/tex/latex/tipa/t3enc.def
File: t3enc.def 2001/12/31 T3 encoding
(compiling luc: /var/lib/texmf/luatex-cache/generic/fonts/otf/lmromanslant12-regular.luc)(load luc: /home/stefan/.texmf-var/luatex-cache/generic/fonts/otf/lmromanslant12-regular.luc)(compiling luc: /var/lib/texmf/luatex-cache/generic/fonts/otf/lmroman12-italic.luc)(load luc: /home/stefan/.texmf-var/luatex-cache/generic/fonts/otf/lmroman12-italic.luc)(compiling luc: /var/lib/texmf/luatex-cache/generic/fonts/otf/lmroman12-bold.luc)(load luc: /home/stefan/.texmf-var/luatex-cache/generic/fonts/otf/lmroman12-bold.luc)
LaTeX Font Info:    Try loading font information for EU2+lmss on input line 357.
 (/usr/share/texlive/texmf-dist/tex/latex/euenc/eu2lmss.fd
File: eu2lmss.fd 2009/10/30 v1.6 Font defs for Latin Modern
)(compiling luc: /var/lib/texmf/luatex-cache/generic/fonts/otf/lmsans12-regular.luc)(load luc: /home/stefan/.texmf-var/luatex-cache/generic/fonts/otf/lmsans12-regular.luc))
\tipaTiiicode=\count135
\tipasavetokens=\toks21
\tipachecktokens=\toks22
 (/usr/share/texlive/texmf-dist/tex/latex/graphics/graphicx.sty
Package: graphicx 2014/10/28 v1.0g Enhanced LaTeX Graphics (DPC,SPQR)
 (/usr/share/texlive/texmf-dist/tex/latex/graphics/graphics.sty
Package: graphics 2016/01/03 v1.0q Standard LaTeX Graphics (DPC,SPQR)
 (/usr/share/texlive/texmf-dist/tex/latex/graphics/trig.sty
Package: trig 2016/01/03 v1.10 sin cos tan (DPC)
) (/usr/share/texlive/texmf-dist/tex/latex/latexconfig/graphics.cfg
File: graphics.cfg 2010/04/23 v1.9 graphics configuration of TeX Live
)
Package graphics Info: Driver file: pdftex.def on input line 95.
 (/usr/share/texlive/texmf-dist/tex/latex/pdftex-def/pdftex.def
File: pdftex.def 2011/05/27 v0.06d Graphics/color for pdfTeX
 (/usr/share/texlive/texmf-dist/tex/generic/oberdiek/infwarerr.sty
Package: infwarerr 2010/04/08 v1.3 Providing info/warning/error messages (HO)
)
(/usr/share/texlive/texmf-dist/tex/generic/oberdiek/ltxcmds.sty
Package: ltxcmds 2011/11/09 v1.22 LaTeX kernel commands for general use (HO)
)
\Gread@gobject=\count136
))
\Gin@req@height=\dimen155
\Gin@req@width=\dimen156
))
.................................................
. LaTeX info: "xparse/define-command"
. 
. Defining command \__fontspec_post_arg:w with sig. 'mmO{}' on line 356.
.................................................
.................................................
. LaTeX info: "xparse/define-command"
. 
. Defining command \fontspec with sig. 'om' on line 358.
.................................................
.................................................
. LaTeX info: "xparse/define-command"
. 
. Defining command \setmainfont with sig. 'om' on line 368.
.................................................
.................................................
. LaTeX info: "xparse/define-command"
. 
. Defining command \setsansfont with sig. 'om' on line 378.
.................................................
.................................................
. LaTeX info: "xparse/define-command"
. 
. Defining command \setmonofont with sig. 'om' on line 388.
.................................................
.................................................
. LaTeX info: "xparse/define-command"
. 
. Defining command \setmathrm with sig. 'om' on line 402.
.................................................
.................................................
. LaTeX info: "xparse/define-command"
. 
. Defining command \setboldmathrm with sig. 'om' on line 410.
.................................................
.................................................
. LaTeX info: "xparse/define-command"
. 
. Defining command \setmathsf with sig. 'om' on line 418.
.................................................
.................................................
. LaTeX info: "xparse/define-command"
. 
. Defining command \setmathtt with sig. 'om' on line 426.
.................................................
.................................................
. LaTeX info: "xparse/define-command"
. 
. Defining command \newfontfamily with sig. 'mom' on line 440.
.................................................
.................................................
. LaTeX info: "xparse/define-command"
. 
. Defining command \newfontface with sig. 'mom' on line 456.
.................................................
.................................................
. LaTeX info: "xparse/define-command"
. 
. Defining command \defaultfontfeatures with sig. 't+om' on line 470.
.................................................
.................................................
. LaTeX info: "xparse/define-command"
. 
. Defining command \addfontfeatures with sig. 'm' on line 533.
.................................................
.................................................
. LaTeX info: "xparse/define-command"
. 
. Defining command \newfontfeature with sig. 'mm' on line 544.
.................................................
.................................................
. LaTeX info: "xparse/define-command"
. 
. Defining command \newAATfeature with sig. 'mmmm' on line 552.
.................................................
.................................................
. LaTeX info: "xparse/define-command"
. 
. Defining command \newopentypefeature with sig. 'mmm' on line 560.
.................................................
.................................................
. LaTeX info: "xparse/define-command"
. 
. Defining command \aliasfontfeature with sig. 'mm' on line 581.
.................................................
.................................................
. LaTeX info: "xparse/define-command"
. 
. Defining command \aliasfontfeatureoption with sig. 'mmm' on line 590.
.................................................
.................................................
. LaTeX info: "xparse/define-command"
. 
. Defining command \newfontscript with sig. 'mm' on line 594.
.................................................
.................................................
. LaTeX info: "xparse/define-command"
. 
. Defining command \newfontlanguage with sig. 'mm' on line 598.
.................................................
.................................................
. LaTeX info: "xparse/define-command"
. 
. Defining command \DeclareFontsExtensions with sig. 'm' on line 603.
.................................................
\l__fontspec_tmp_int=\count137
 (/usr/share/texlive/texmf-dist/tex/latex/fontspec/fontspec.cfg)
LaTeX Info: Redefining \itshape on input line 2629.
LaTeX Info: Redefining \slshape on input line 2634.
LaTeX Info: Redefining \scshape on input line 2639.
LaTeX Info: Redefining \upshape on input line 2644.
\l__fontspec_em_int=\count138
\l__fontspec_emdef_int=\count139
LaTeX Info: Redefining \em on input line 2660.
LaTeX Info: Redefining \emph on input line 2666.
LaTeX Info: Redefining \- on input line 2670.
.................................................
. LaTeX info: "xparse/redefine-command"
. 
. Redefining command \oldstylenums with sig. 'm' on line 2765.
.................................................
.................................................
. LaTeX info: "xparse/define-command"
. 
. Defining command \liningnums with sig. 'm' on line 2769.
.................................................
)) (/usr/share/texlive/texmf-dist/tex/latex/hyperref/hyperref.sty
Package: hyperref 2012/11/06 v6.83m Hypertext links for LaTeX
 (/usr/share/texlive/texmf-dist/tex/generic/oberdiek/hobsub-hyperref.sty
Package: hobsub-hyperref 2012/05/28 v1.13 Bundle oberdiek, subset hyperref (HO)
 (/usr/share/texlive/texmf-dist/tex/generic/oberdiek/hobsub-generic.sty
Package: hobsub-generic 2012/05/28 v1.13 Bundle oberdiek, subset generic (HO)
Package: hobsub 2012/05/28 v1.13 Construct package bundles (HO)
Package hobsub Info: Skipping package `infwarerr' (already loaded).
Package hobsub Info: Skipping package `ltxcmds' (already loaded).
Package: ifluatex 2010/03/01 v1.3 Provides the ifluatex switch (HO)
Package ifluatex Info: LuaTeX detected.
Package hobsub Info: Skipping package `ifvtex' (already loaded).
Package: intcalc 2007/09/27 v1.1 Expandable calculations with integers (HO)
Package hobsub Info: Skipping package `ifpdf' (already loaded).
Package: etexcmds 2011/02/16 v1.5 Avoid name clashes with e-TeX commands (HO)
Package: kvsetkeys 2012/04/25 v1.16 Key value parser (HO)
Package: kvdefinekeys 2011/04/07 v1.3 Define keys (HO)
Package: luatex-loader 2010/03/09 v0.4 Lua module loader (HO)

(/usr/share/texlive/texmf-dist/scripts/oberdiek/oberdiek.luatex.lua)
Package: pdftexcmds 2011/11/29 v0.20 Utility functions of pdfTeX for LuaTeX (HO)
Package pdftexcmds Info: \pdf@primitive is available.
Package pdftexcmds Info: \pdf@ifprimitive is available.
Package pdftexcmds Info: \pdfdraftmode found.
\pdftexcmds@toks=\toks23
Package: pdfescape 2011/11/25 v1.13 Implements pdfTeX's escape features (HO)
Package: bigintcalc 2012/04/08 v1.3 Expandable calculations on big integers (HO)
Package: bitset 2011/01/30 v1.1 Handle bit-vector datatype (HO)
Package: uniquecounter 2011/01/30 v1.2 Provide unlimited unique counter (HO)
)
Package hobsub Info: Skipping package `hobsub' (already loaded).
Package: letltxmacro 2010/09/02 v1.4 Let assignment for LaTeX macros (HO)
Package: hopatch 2012/05/28 v1.2 Wrapper for package hooks (HO)
Package: xcolor-patch 2011/01/30 xcolor patch
Package: atveryend 2011/06/30 v1.8 Hooks at the very end of document (HO)
Package atveryend Info: \enddocument detected (standard20110627).
Package: atbegshi 2011/10/05 v1.16 At begin shipout hook (HO)
Package: refcount 2011/10/16 v3.4 Data extraction from label references (HO)
Package: hycolor 2011/01/30 v1.7 Color options for hyperref/bookmark (HO)
) (/usr/share/texlive/texmf-dist/tex/latex/oberdiek/auxhook.sty
Package: auxhook 2011/03/04 v1.3 Hooks for auxiliary files (HO)
) (/usr/share/texlive/texmf-dist/tex/latex/oberdiek/kvoptions.sty
Package: kvoptions 2011/06/30 v3.11 Key value format for package options (HO)
)
\@linkdim=\dimen157
\Hy@linkcounter=\count140
\Hy@pagecounter=\count141
 (/usr/share/texlive/texmf-dist/tex/latex/hyperref/pd1enc.def
File: pd1enc.def 2012/11/06 v6.83m Hyperref: PDFDocEncoding definition (HO)
)
\Hy@SavedSpaceFactor=\count142
 (/usr/share/texlive/texmf-dist/tex/latex/latexconfig/hyperref.cfg
File: hyperref.cfg 2002/06/06 v1.2 hyperref configuration of TeXLive
)
Package hyperref Info: Hyper figures OFF on input line 4443.
Package hyperref Info: Link nesting OFF on input line 4448.
Package hyperref Info: Hyper index ON on input line 4451.
Package hyperref Info: Plain pages OFF on input line 4458.
Package hyperref Info: Backreferencing OFF on input line 4463.
Package hyperref Info: Implicit mode ON; LaTeX internals redefined.
Package hyperref Info: Bookmarks ON on input line 4688.
\c@Hy@tempcnt=\count143
 (/usr/share/texlive/texmf-dist/tex/latex/url/url.sty
\Urlmuskip=\muskip17
Package: url 2013/09/16  ver 3.4  Verb mode for urls, etc.
)
LaTeX Info: Redefining \url on input line 5041.
\XeTeXLinkMargin=\dimen158
\Fld@menulength=\count144
\Field@Width=\dimen159
\Fld@charsize=\dimen160
Package hyperref Info: Hyper figures OFF on input line 6295.
Package hyperref Info: Link nesting OFF on input line 6300.
Package hyperref Info: Hyper index ON on input line 6303.
Package hyperref Info: backreferencing OFF on input line 6310.
Package hyperref Info: Link coloring OFF on input line 6315.
Package hyperref Info: Link coloring with OCG OFF on input line 6320.
Package hyperref Info: PDF/A mode OFF on input line 6325.
LaTeX Info: Redefining \ref on input line 6365.
LaTeX Info: Redefining \pageref on input line 6369.
\Hy@abspage=\count145
\c@Item=\count146
\c@Hfootnote=\count147
)

Package hyperref Message: Driver (autodetected): hpdftex.

(/usr/share/texlive/texmf-dist/tex/latex/hyperref/hpdftex.def
File: hpdftex.def 2012/11/06 v6.83m Hyperref driver for pdfTeX
\Fld@listcount=\count148
\c@bookmark@seq@number=\count149
 (/usr/share/texlive/texmf-dist/tex/latex/oberdiek/rerunfilecheck.sty
Package: rerunfilecheck 2011/04/15 v1.7 Rerun checks for auxiliary files (HO)
Package uniquecounter Info: New unique counter `rerunfilecheck' on input line 282.
)
\Hy@SectionHShift=\skip57
) (/usr/share/texlive/texmf-dist/tex/latex/subfigure/subfigure.sty
Package: subfigure 2002/03/15 v2.1.5 subfigure package
\subfigtopskip=\skip58
\subfigcapskip=\skip59
\subfigcaptopadj=\dimen161
\subfigbottomskip=\skip60
\subfigcapmargin=\dimen162
\subfiglabelskip=\skip61
\c@subfigure=\count150
\c@lofdepth=\count151
\c@subtable=\count152
\c@lotdepth=\count153

****************************************
* Local config file subfigure.cfg used *
****************************************
(/usr/share/texlive/texmf-dist/tex/latex/subfigure/subfigure.cfg)
\subfig@top=\skip62
\subfig@bottom=\skip63
) (/usr/share/texlive/texmf-dist/tex/latex/framed/framed.sty
Package: framed 2011/10/22 v 0.96: framed or shaded text with page breaks
\OuterFrameSep=\skip64
\fb@frw=\dimen163
\fb@frh=\dimen164
\FrameRule=\dimen165
\FrameSep=\dimen166
) (/usr/share/texlive/texmf-dist/tex/latex/float/float.sty
Package: float 2001/11/08 v1.3d Float enhancements (AL)
\c@float@type=\count154
\float@exts=\toks24
\float@box=\box44
\@float@everytoks=\toks25
\@floatcapt=\box45
) (/usr/share/texlive/texmf-dist/tex/latex/caption/caption.sty
Package: caption 2016/02/21 v3.3-144 Customizing captions (AR)
 (/usr/share/texlive/texmf-dist/tex/latex/caption/caption3.sty
Package: caption3 2016/02/04 v1.7-139 caption3 kernel (AR)
Package caption3 Info: TeX engine: e-TeX on input line 67.
\captionmargin=\dimen167
\captionmargin@=\dimen168
\captionwidth=\dimen169
\caption@tempdima=\dimen170
\caption@indent=\dimen171
\caption@parindent=\dimen172
\caption@hangindent=\dimen173
)
Package caption Info: KOMA-Script document class.
\c@ContinuedFloat=\count155
Package caption Info: float package is loaded.
Package caption Info: hyperref package is loaded.
Package caption Info: subfigure package is loaded.
)
luaotfload | cache : Lookup cache loaded from /home/stefan/.texmf-var/luatex-cache/generic/names/luaotfload-lookup-cache.luc.
luaotfload | load : Lookup/name: "Fira Sans" -> "FiraSans-Regular.ttf"(compiling luc: /var/lib/texmf/luatex-cache/generic/fonts/otf/firasans-regular.luc)(load luc: /home/stefan/.texmf-var/luatex-cache/generic/fonts/otf/firasans-regular.luc)
luaotfload | load : Lookup/name: "Fira Sans" -> "FiraSans-Regular.ttf"
\g__fontspec_family_FiraSans_int=\count156
luaotfload | load : Lookup/name: "Fira Sans" -> "FiraSans-Regular.ttf"
luaotfload | load : Lookup/name: "Fira Sans" -> "FiraSans-BoldItalic.ttf"(compiling luc: /var/lib/texmf/luatex-cache/generic/fonts/otf/firasans-bolditalic.luc)(load luc: /home/stefan/.texmf-var/luatex-cache/generic/fonts/otf/firasans-bolditalic.luc)
luaotfload | load : Lookup/name: "Fira Sans" -> "FiraSans-Regular.ttf"
luaotfload | load : Lookup/name: "Fira Sans" -> "FiraSans-Bold.ttf"(compiling luc: /var/lib/texmf/luatex-cache/generic/fonts/otf/firasans-bold.luc)(load luc: /home/stefan/.texmf-var/luatex-cache/generic/fonts/otf/firasans-bold.luc)
luaotfload | load : Lookup/name: "Fira Sans" -> "FiraSans-Regular.ttf"
luaotfload | load : Lookup/name: "Fira Sans" -> "FiraSans-Italic.ttf"(compiling luc: /var/lib/texmf/luatex-cache/generic/fonts/otf/firasans-italic.luc)(load luc: /home/stefan/.texmf-var/luatex-cache/generic/fonts/otf/firasans-italic.luc)
luaotfload | load : Lookup/name: "FiraSans" -> "FiraSans-Regular.ttf"
luaotfload | load : Lookup/name: "FiraSans" -> "FiraSans-Regular.ttf"
luaotfload | load : Lookup/name: "FiraSans" -> "FiraSans-Bold.ttf"
luaotfload | load : Lookup/name: "FiraSans" -> "FiraSans-Bold.ttf"
luaotfload | load : Lookup/name: "FiraSans" -> "FiraSans-Italic.ttf"
luaotfload | load : Lookup/name: "FiraSans" -> "FiraSans-Italic.ttf"
luaotfload | load : Lookup/name: "FiraSans" -> "FiraSans-BoldItalic.ttf"
luaotfload | load : Lookup/name: "FiraSans" -> "FiraSans-BoldItalic.ttf"
.................................................
. fontspec info: "defining-font"
. 
. Font family 'FiraSans(0)' created for font 'Fira Sans' with options
. [Ligatures=TeX].
. 
. This font family consists of the following NFSS series/shapes:
. - 'normal' (m/n) with NFSS spec.:
. <->"FiraSans:mode=node;script=latn;language=DFLT;+tlig;"
. - 'small caps'  (m/sc) with NFSS spec.:
. <->"FiraSans:mode=node;script=latn;language=DFLT;+tlig;+smcp;"- 'bold'
. (bx/n) with NFSS spec.:
. <->"FiraSans/B:mode=node;script=latn;language=DFLT;+tlig;"
. - 'bold small caps'  (bx/sc) with NFSS spec.:
. <->"FiraSans/B:mode=node;script=latn;language=DFLT;+tlig;+smcp;"- 'italic'
. (m/it) with NFSS spec.:
. <->"FiraSans/I:mode=node;script=latn;language=DFLT;+tlig;"
. - 'italic small caps'  (m/itsc) with NFSS spec.:
. <->"FiraSans/I:mode=node;script=latn;language=DFLT;+tlig;+smcp;"- 'bold
. italic' (bx/it) with NFSS spec.:
. <->"FiraSans/BI:mode=node;script=latn;language=DFLT;+tlig;"
. - 'bold italic small caps'  (bx/itsc) with NFSS spec.:
. <->"FiraSans/BI:mode=node;script=latn;language=DFLT;+tlig;+smcp;"
.................................................
luaotfload | load : Lookup/name: "FiraSans" -> "FiraSans-Regular.ttf"
(/home/stefan/Projektpraktikum/protokoll/protokoll.aux)
\openout1 = protokoll.aux

LaTeX Font Info:    Checking defaults for OML/cmm/m/it on input line 14.
LaTeX Font Info:    ... okay on input line 14.
LaTeX Font Info:    Checking defaults for T1/cmr/m/n on input line 14.
LaTeX Font Info:    ... okay on input line 14.
LaTeX Font Info:    Checking defaults for OT1/cmr/m/n on input line 14.
LaTeX Font Info:    ... okay on input line 14.
LaTeX Font Info:    Checking defaults for OMS/cmsy/m/n on input line 14.
LaTeX Font Info:    ... okay on input line 14.
LaTeX Font Info:    Checking defaults for OMX/cmex/m/n on input line 14.
LaTeX Font Info:    ... okay on input line 14.
LaTeX Font Info:    Checking defaults for U/cmr/m/n on input line 14.
LaTeX Font Info:    ... okay on input line 14.
LaTeX Font Info:    Checking defaults for EU2/lmr/m/n on input line 14.
LaTeX Font Info:    ... okay on input line 14.
LaTeX Font Info:    Checking defaults for T3/cmr/m/n on input line 14.
LaTeX Font Info:    Try loading font information for T3+cmr on input line 14.
 (/usr/share/texmf/tex/latex/tipa/t3cmr.fd
File: t3cmr.fd 2001/12/31 TIPA font definitions
)
LaTeX Font Info:    ... okay on input line 14.
LaTeX Font Info:    Checking defaults for PD1/pdf/m/n on input line 14.
LaTeX Font Info:    ... okay on input line 14.

*geometry* driver: auto-detecting
*geometry* detected driver: pdftex
*geometry* verbose mode - [ preamble ] result:
* driver: pdftex
* paper: a4paper
* layout: <same size as paper>
* layoutoffset:(h,v)=(0.0pt,0.0pt)
* modes: 
* h-part:(L,W,R)=(85.35826pt, 426.79135pt, 85.35826pt)
* v-part:(T,H,B)=(56.9055pt, 731.23584pt, 56.9055pt)
* \paperwidth=597.50787pt
* \paperheight=845.04684pt
* \textwidth=426.79135pt
* \textheight=731.23584pt
* \oddsidemargin=13.08827pt
* \evensidemargin=13.08827pt
* \topmargin=-55.23949pt
* \headheight=18.125pt
* \headsep=21.75pt
* \topskip=12.0pt
* \footskip=50.75pt
* \marginparwidth=49.79233pt
* \marginparsep=12.8401pt
* \columnsep=10.0pt
* \skip\footins=10.8pt plus 4.0pt minus 2.0pt
* \hoffset=0.0pt
* \voffset=0.0pt
* \mag=1000
* \@twocolumnfalse
* \@twosidefalse
* \@mparswitchfalse
* \@reversemarginfalse
* (1in=72.27pt=25.4mm, 1cm=28.453pt)

(/usr/share/texlive/texmf-dist/tex/context/base/supp-pdf.mkii
[Loading MPS to PDF converter (version 2006.09.02).]
\scratchcounter=\count157
\scratchdimen=\dimen174
\scratchbox=\box46
\nofMPsegments=\count158
\nofMParguments=\count159
\everyMPshowfont=\toks26
\MPscratchCnt=\count160
\MPscratchDim=\dimen175
\MPnumerator=\count161
\makeMPintoPDFobject=\count162
\everyMPtoPDFconversion=\toks27
) (/usr/share/texlive/texmf-dist/tex/latex/oberdiek/epstopdf-base.sty
Package: epstopdf-base 2010/02/09 v2.5 Base part for package epstopdf
 (/usr/share/texlive/texmf-dist/tex/latex/oberdiek/grfext.sty
Package: grfext 2010/08/19 v1.1 Manage graphics extensions (HO)
)
Package grfext Info: Graphics extension search list:
(grfext)             [.png,.pdf,.jpg,.mps,.tif,.jpeg,.PNG,.PDF,.JPG,.JPEG,.eps]
(grfext)             \AppendGraphicsExtensions on input line 452.
 (/usr/share/texlive/texmf-dist/tex/latex/latexconfig/epstopdf-sys.cfg
File: epstopdf-sys.cfg 2010/07/13 v1.3 Configuration of (r)epstopdf for TeX Live
))
.................................................
. fontspec info: "setup-math"
. 
. Adjusting the maths setup (use [no-math] to avoid this).
.................................................
\symlegacymaths=\mathgroup4
LaTeX Font Info:    Overwriting symbol font `legacymaths' in version `bold'
(Font)                  OT1/cmr/m/n --> OT1/cmr/bx/n on input line 14.
LaTeX Font Info:    Redeclaring math accent \acute on input line 14.
LaTeX Font Info:    Redeclaring math accent \grave on input line 14.
LaTeX Font Info:    Redeclaring math accent \ddot on input line 14.
LaTeX Font Info:    Redeclaring math accent \tilde on input line 14.
LaTeX Font Info:    Redeclaring math accent \bar on input line 14.
LaTeX Font Info:    Redeclaring math accent \breve on input line 14.
LaTeX Font Info:    Redeclaring math accent \check on input line 14.
LaTeX Font Info:    Redeclaring math accent \hat on input line 14.
LaTeX Font Info:    Redeclaring math accent \dot on input line 14.
LaTeX Font Info:    Redeclaring math accent \mathring on input line 14.
LaTeX Font Info:    Redeclaring math symbol \Gamma on input line 14.
LaTeX Font Info:    Redeclaring math symbol \Delta on input line 14.
LaTeX Font Info:    Redeclaring math symbol \Theta on input line 14.
LaTeX Font Info:    Redeclaring math symbol \Lambda on input line 14.
LaTeX Font Info:    Redeclaring math symbol \Xi on input line 14.
LaTeX Font Info:    Redeclaring math symbol \Pi on input line 14.
LaTeX Font Info:    Redeclaring math symbol \Sigma on input line 14.
LaTeX Font Info:    Redeclaring math symbol \Upsilon on input line 14.
LaTeX Font Info:    Redeclaring math symbol \Phi on input line 14.
LaTeX Font Info:    Redeclaring math symbol \Psi on input line 14.
LaTeX Font Info:    Redeclaring math symbol \Omega on input line 14.
LaTeX Font Info:    Redeclaring math symbol \mathdollar on input line 14.
LaTeX Font Info:    Redeclaring symbol font `operators' on input line 14.
LaTeX Font Info:    Encoding `OT1' has changed to `EU2' for symbol font
(Font)              `operators' in the math version `normal' on input line 14.
LaTeX Font Info:    Overwriting symbol font `operators' in version `normal'
(Font)                  OT1/cmr/m/n --> EU2/FiraSans(0)/m/n on input line 14.
LaTeX Font Info:    Encoding `OT1' has changed to `EU2' for symbol font
(Font)              `operators' in the math version `bold' on input line 14.
LaTeX Font Info:    Overwriting symbol font `operators' in version `bold'
(Font)                  OT1/cmr/bx/n --> EU2/FiraSans(0)/m/n on input line 14.
LaTeX Font Info:    Overwriting symbol font `operators' in version `normal'
(Font)                  EU2/FiraSans(0)/m/n --> EU2/FiraSans(0)/m/n on input line 14.
LaTeX Font Info:    Overwriting math alphabet `\mathit' in version `normal'
(Font)                  OT1/cmr/m/it --> EU2/FiraSans(0)/m/it on input line 14.
LaTeX Font Info:    Overwriting math alphabet `\mathbf' in version `normal'
(Font)                  OT1/cmr/bx/n --> EU2/FiraSans(0)/bx/n on input line 14.
LaTeX Font Info:    Overwriting math alphabet `\mathsf' in version `normal'
(Font)                  OT1/cmss/m/n --> EU2/lmss/m/n on input line 14.
LaTeX Font Info:    Overwriting math alphabet `\mathtt' in version `normal'
(Font)                  OT1/cmtt/m/n --> EU2/lmtt/m/n on input line 14.
LaTeX Font Info:    Overwriting symbol font `operators' in version `bold'
(Font)                  EU2/FiraSans(0)/m/n --> EU2/FiraSans(0)/bx/n on input line 14.
LaTeX Font Info:    Overwriting math alphabet `\mathit' in version `bold'
(Font)                  OT1/cmr/bx/it --> EU2/FiraSans(0)/bx/it on input line 14.
LaTeX Font Info:    Overwriting math alphabet `\mathsf' in version `bold'
(Font)                  OT1/cmss/bx/n --> EU2/lmss/bx/n on input line 14.
LaTeX Font Info:    Overwriting math alphabet `\mathtt' in version `bold'
(Font)                  OT1/cmtt/m/n --> EU2/lmtt/bx/n on input line 14.
\AtBeginShipoutBox=\box47
Package hyperref Info: Link coloring OFF on input line 14.
 (/usr/share/texlive/texmf-dist/tex/latex/hyperref/nameref.sty
Package: nameref 2012/10/27 v2.43 Cross-referencing by name of section
 (/usr/share/texlive/texmf-dist/tex/generic/oberdiek/gettitlestring.sty
Package: gettitlestring 2010/12/03 v1.4 Cleanup title references (HO)
)
\c@section@level=\count163
)
LaTeX Info: Redefining \ref on input line 14.
LaTeX Info: Redefining \pageref on input line 14.
LaTeX Info: Redefining \nameref on input line 14.
 (/home/stefan/Projektpraktikum/protokoll/protokoll.out) (/home/stefan/Projektpraktikum/protokoll/protokoll.out)
\@outlinefile=\write3

\openout3 = protokoll.out
Package caption Info: Begin \AtBeginDocument code.
Package caption Info: End \AtBeginDocument code.
Package caption Info: We need package `ragged2e' on input line 14.
 (/usr/share/texlive/texmf-dist/tex/latex/ms/ragged2e.sty
Package: ragged2e 2009/05/21 v2.1 ragged2e Package (MS)
 (/usr/share/texlive/texmf-dist/tex/latex/ms/everysel.sty
Package: everysel 2011/10/28 v1.2 EverySelectfont Package (MS)
 ABD: EverySelectfont initializing macros
LaTeX Info: Redefining \selectfont on input line 126.
)
\CenteringLeftskip=\skip65
\RaggedLeftLeftskip=\skip66
\RaggedRightLeftskip=\skip67
\CenteringRightskip=\skip68
\RaggedLeftRightskip=\skip69
\RaggedRightRightskip=\skip70
\CenteringParfillskip=\skip71
\RaggedLeftParfillskip=\skip72
\RaggedRightParfillskip=\skip73
\JustifyingParfillskip=\skip74
\CenteringParindent=\skip75
\RaggedLeftParindent=\skip76
\RaggedRightParindent=\skip77
\JustifyingParindent=\skip78
)(compiling luc: /var/lib/texmf/luatex-cache/generic/fonts/otf/lmsans10-bold.luc)(load luc: /home/stefan/.texmf-var/luatex-cache/generic/fonts/otf/lmsans10-bold.luc)
luaotfload | load : Lookup/name: "FiraSans" -> "FiraSans-Regular.ttf"
luaotfload | load : Lookup/name: "FiraSans" -> "FiraSans-Regular.ttf" <circ.png, id=72, 2457.18pt x 874.01532pt>
File: circ.png Graphic file (type png)
 <use circ.png>
Package pdftex.def Info: circ.png used on input line 43.
(pdftex.def)             Requested size: 426.79135pt x 151.80804pt.
luaotfload | load : Lookup/name: "FiraSans" -> "FiraSans-Regular.ttf"
luaotfload | load : Lookup/name: "FiraSans" -> "FiraSans-Regular.ttf" [1


{/var/lib/texmf/fonts/map/pdftex/updmap/pdftex.map}</home/stefan/Projektpraktikum/protokoll/circ.png>]
Underfull \hbox (badness 10000) in paragraph at lines 48--64

 []

<./plots/plot_image.pdf, id=81, 642.4pt x 481.8pt>
File: ./plots/plot_image.pdf Graphic file (type pdf)
 <use ./plots/plot_image.pdf>
Package pdftex.def Info: ./plots/plot_image.pdf used on input line 67.
(pdftex.def)             Requested size: 426.79135pt x 320.0989pt.
 <circ2.png, id=82, 2457.18pt x 917.67844pt>
File: circ2.png Graphic file (type png)
 <use circ2.png>
Package pdftex.def Info: circ2.png used on input line 74.
(pdftex.def)             Requested size: 426.79135pt x 159.3919pt.


LaTeX Warning: `h' float specifier changed to `ht'.


Underfull \hbox (badness 10000) in paragraph at lines 79--92

 []

[2<./plots/plot_image.pdf>] <board.png, id=121, 777.90625pt x 413.545pt>
File: board.png Graphic file (type png)
 <use board.png>
Package pdftex.def Info: board.png used on input line 119.
(pdftex.def)             Requested size: 426.79135pt x 226.89514pt.

Underfull \hbox (badness 10000) in paragraph at lines 101--122

 []

[3</home/stefan/Projektpraktikum/protokoll/circ2.png>] <boardbild.jpg, id=130, 3330.4425pt x 1820.8025pt>
File: boardbild.jpg Graphic file (type jpg)
 <use boardbild.jpg>
Package pdftex.def Info: boardbild.jpg used on input line 124.
(pdftex.def)             Requested size: 426.79135pt x 233.32309pt.
 <boardwitharduino.jpg, id=131, 3063.445pt x 2688.0425pt>
File: boardwitharduino.jpg Graphic file (type jpg)
 <use boardwitharduino.jpg>
Package pdftex.def Info: boardwitharduino.jpg used on input line 129.
(pdftex.def)             Requested size: 426.79135pt x 374.47766pt.
 [4</home/stefan/Projektpraktikum/protokoll/board.png></home/stefan/Projektpraktikum/protokoll/boardbild.jpg>] <imschrank.jpg, id=139, 3131.7pt x 4175.6pt>
File: imschrank.jpg Graphic file (type jpg)
 <use imschrank.jpg>
Package pdftex.def Info: imschrank.jpg used on input line 136.
(pdftex.def)             Requested size: 426.79135pt x 569.0337pt.
 [5</home/stefan/Projektpraktikum/protokoll/boardwitharduino.jpg>] <./plots/plot_image(1).pdf, id=144, 642.4pt x 481.8pt>
File: ./plots/plot_image(1).pdf Graphic file (type pdf)
 <use ./plots/plot_image(1).pdf>
Package pdftex.def Info: ./plots/plot_image(1).pdf used on input line 146.
(pdftex.def)             Requested size: 234.73654pt x 176.05035pt.
 <./plots/plot_image(2).pdf, id=145, 642.4pt x 481.8pt>
File: ./plots/plot_image(2).pdf Graphic file (type pdf)
 <use ./plots/plot_image(2).pdf>
Package pdftex.def Info: ./plots/plot_image(2).pdf used on input line 147.
(pdftex.def)             Requested size: 234.73654pt x 176.05035pt.

Overfull \hbox (44.80173pt too wide) in paragraph at lines 146--148
[][][] [][] 
 []


LaTeX Warning: `h' float specifier changed to `ht'.

[6</home/stefan/Projektpraktikum/protokoll/imschrank.jpg>] <./plots/plot_image(3).pdf, id=151, 642.4pt x 481.8pt>
File: ./plots/plot_image(3).pdf Graphic file (type pdf)
 <use ./plots/plot_image(3).pdf>
Package pdftex.def Info: ./plots/plot_image(3).pdf used on input line 162.
(pdftex.def)             Requested size: 234.73654pt x 176.05035pt.
luaotfload | load : Lookup/name: "FiraSans" -> "FiraSans-Bold.ttf"
luaotfload | load : Lookup/name: "FiraSans" -> "FiraSans-BoldItalic.ttf"
Underfull \hbox (badness 10000) in paragraph at lines 170--203

 []

[7<./plots/plot_image(1).pdf><./plots/plot_image(2).pdf><./plots/plot_image(3).pdf>]
Underfull \hbox (badness 10000) in paragraph at lines 214--219

 []

luaotfload | load : Lookup/name: "FiraSans" -> "FiraSans-Italic.ttf"
Underfull \hbox (badness 10000) in paragraph at lines 220--229

 []

[8]
Underfull \hbox (badness 10000) in paragraph at lines 230--233

 []


Underfull \hbox (badness 10000) in paragraph at lines 234--238

 []

<./plots/plot_image(4).pdf, id=241, 642.4pt x 481.8pt>
File: ./plots/plot_image(4).pdf Graphic file (type pdf)
 <use ./plots/plot_image(4).pdf>
Package pdftex.def Info: ./plots/plot_image(4).pdf used on input line 243.
(pdftex.def)             Requested size: 277.41176pt x 208.05951pt.

Underfull \hbox (badness 10000) in paragraph at lines 239--248

 []

<./plots/plot_image(5).pdf, id=244, 642.4pt x 481.8pt>
File: ./plots/plot_image(5).pdf Graphic file (type pdf)
 <use ./plots/plot_image(5).pdf>
Package pdftex.def Info: ./plots/plot_image(5).pdf used on input line 264.
(pdftex.def)             Requested size: 277.41176pt x 208.05951pt.
 <./plots/plot_image(6).pdf, id=245, 642.4pt x 481.8pt>
File: ./plots/plot_image(6).pdf Graphic file (type pdf)
 <use ./plots/plot_image(6).pdf>
Package pdftex.def Info: ./plots/plot_image(6).pdf used on input line 266.
(pdftex.def)             Requested size: 277.41176pt x 208.05951pt.
 <./plots/plot_image(7).pdf, id=246, 642.4pt x 481.8pt>
File: ./plots/plot_image(7).pdf Graphic file (type pdf)
 <use ./plots/plot_image(7).pdf>
Package pdftex.def Info: ./plots/plot_image(7).pdf used on input line 267.
(pdftex.def)             Requested size: 277.41176pt x 208.05951pt.
 <./plots/plot_image(8).pdf, id=247, 642.4pt x 481.8pt>
File: ./plots/plot_image(8).pdf Graphic file (type pdf)
 <use ./plots/plot_image(8).pdf>
Package pdftex.def Info: ./plots/plot_image(8).pdf used on input line 268.
(pdftex.def)             Requested size: 277.41176pt x 208.05951pt.

Overfull \hbox (74.39215pt too wide) in paragraph at lines 263--270
[][]  [][]   [][]
 []


Overfull \hbox (70.15216pt too wide) in paragraph at lines 263--270
[][] [][] 
 []

[9<./plots/plot_image(4).pdf>] [10<./plots/plot_image(5).pdf><./plots/plot_image(6).pdf><./plots/plot_image(7).pdf><./plots/plot_image(8).pdf>] <./plots/plot_image(9).pdf, id=353, 642.4pt x 481.8pt>
File: ./plots/plot_image(9).pdf Graphic file (type pdf)
 <use ./plots/plot_image(9).pdf>
Package pdftex.def Info: ./plots/plot_image(9).pdf used on input line 296.
(pdftex.def)             Requested size: 277.41176pt x 208.05951pt.
 <./plots/plot_image(10).pdf, id=354, 642.4pt x 481.8pt>
File: ./plots/plot_image(10).pdf Graphic file (type pdf)
 <use ./plots/plot_image(10).pdf>
Package pdftex.def Info: ./plots/plot_image(10).pdf used on input line 298.
(pdftex.def)             Requested size: 277.41176pt x 208.05951pt.
 <./plots/plot_image(11).pdf, id=355, 642.4pt x 481.8pt>
File: ./plots/plot_image(11).pdf Graphic file (type pdf)
 <use ./plots/plot_image(11).pdf>
Package pdftex.def Info: ./plots/plot_image(11).pdf used on input line 299.
(pdftex.def)             Requested size: 277.41176pt x 208.05951pt.

Overfull \hbox (74.39215pt too wide) in paragraph at lines 295--300
[][]  [][]   [][]
 []

<./plots/plot_image(12).pdf, id=356, 642.4pt x 481.8pt>
File: ./plots/plot_image(12).pdf Graphic file (type pdf)
 <use ./plots/plot_image(12).pdf>
Package pdftex.def Info: ./plots/plot_image(12).pdf used on input line 320.
(pdftex.def)             Requested size: 426.79135pt x 320.0989pt.
 [11<./plots/plot_image(9).pdf><./plots/plot_image(10).pdf><./plots/plot_image(11).pdf>]
Underfull \hbox (badness 10000) in paragraph at lines 327--340

 []

<./plots/plot_image(13).pdf, id=421, 642.4pt x 481.8pt>
File: ./plots/plot_image(13).pdf Graphic file (type pdf)
 <use ./plots/plot_image(13).pdf>
Package pdftex.def Info: ./plots/plot_image(13).pdf used on input line 348.
(pdftex.def)             Requested size: 277.41176pt x 208.05951pt.
 <./plots/plot_image(14).pdf, id=422, 642.4pt x 481.8pt>
File: ./plots/plot_image(14).pdf Graphic file (type pdf)
 <use ./plots/plot_image(14).pdf>
Package pdftex.def Info: ./plots/plot_image(14).pdf used on input line 350.
(pdftex.def)             Requested size: 277.41176pt x 208.05951pt.
 <./plots/plot_image(15).pdf, id=423, 642.4pt x 481.8pt>
File: ./plots/plot_image(15).pdf Graphic file (type pdf)
 <use ./plots/plot_image(15).pdf>
Package pdftex.def Info: ./plots/plot_image(15).pdf used on input line 351.
(pdftex.def)             Requested size: 277.41176pt x 208.05951pt.

Overfull \hbox (74.39215pt too wide) in paragraph at lines 347--352
[][]  [][]   [][]
 []

<./plots/plot_image(16).pdf, id=424, 642.4pt x 481.8pt>
File: ./plots/plot_image(16).pdf Graphic file (type pdf)
 <use ./plots/plot_image(16).pdf>
Package pdftex.def Info: ./plots/plot_image(16).pdf used on input line 357.
(pdftex.def)             Requested size: 426.79135pt x 320.0989pt.
 [12<./plots/plot_image(12).pdf>]

LaTeX Warning: `!h' float specifier changed to `!ht'.

<./plots/plot_image(17).pdf, id=455, 642.4pt x 481.8pt>
File: ./plots/plot_image(17).pdf Graphic file (type pdf)
 <use ./plots/plot_image(17).pdf>
Package pdftex.def Info: ./plots/plot_image(17).pdf used on input line 363.
(pdftex.def)             Requested size: 426.79135pt x 320.0989pt.


LaTeX Warning: `!h' float specifier changed to `!ht'.

[13<./plots/plot_image(13).pdf><./plots/plot_image(14).pdf><./plots/plot_image(15).pdf>]

LaTeX Warning: Text page 14 contains only floats.

[14<./plots/plot_image(16).pdf><./plots/plot_image(17).pdf>] <./plots/plot_image(18).pdf, id=560, 642.4pt x 481.8pt>
File: ./plots/plot_image(18).pdf Graphic file (type pdf)
 <use ./plots/plot_image(18).pdf>
Package pdftex.def Info: ./plots/plot_image(18).pdf used on input line 374.
(pdftex.def)             Requested size: 277.41176pt x 208.05951pt.
 <./plots/plot_image(19).pdf, id=561, 642.4pt x 481.8pt>
File: ./plots/plot_image(19).pdf Graphic file (type pdf)
 <use ./plots/plot_image(19).pdf>
Package pdftex.def Info: ./plots/plot_image(19).pdf used on input line 376.
(pdftex.def)             Requested size: 277.41176pt x 208.05951pt.
 <./plots/plot_image(20).pdf, id=562, 642.4pt x 481.8pt>
File: ./plots/plot_image(20).pdf Graphic file (type pdf)
 <use ./plots/plot_image(20).pdf>
Package pdftex.def Info: ./plots/plot_image(20).pdf used on input line 377.
(pdftex.def)             Requested size: 277.41176pt x 208.05951pt.

Overfull \hbox (74.39215pt too wide) in paragraph at lines 373--378
[][]  [][]   [][]
 []

<./plots/plot_image(21).pdf, id=563, 642.4pt x 481.8pt>
File: ./plots/plot_image(21).pdf Graphic file (type pdf)
 <use ./plots/plot_image(21).pdf>
Package pdftex.def Info: ./plots/plot_image(21).pdf used on input line 383.
(pdftex.def)             Requested size: 277.41176pt x 208.05951pt.
 <./plots/plot_image(22).pdf, id=564, 642.4pt x 481.8pt>
File: ./plots/plot_image(22).pdf Graphic file (type pdf)
 <use ./plots/plot_image(22).pdf>
Package pdftex.def Info: ./plots/plot_image(22).pdf used on input line 385.
(pdftex.def)             Requested size: 277.41176pt x 208.05951pt.

Overfull \hbox (74.39215pt too wide) in paragraph at lines 382--386
[][]  [][]   [][] 
 []


LaTeX Warning: `!h' float specifier changed to `!ht'.

[15

<./plots/plot_image(18).pdf><./plots/plot_image(19).pdf><./plots/plot_image(20).pdf>]
Underfull \hbox (badness 10000) in paragraph at lines 395--410

 []

<./plots/plot_image(23).pdf, id=630, 642.4pt x 481.8pt>
File: ./plots/plot_image(23).pdf Graphic file (type pdf)
 <use ./plots/plot_image(23).pdf>
Package pdftex.def Info: ./plots/plot_image(23).pdf used on input line 434.
(pdftex.def)             Requested size: 277.41176pt x 208.05951pt.
 <./plots/plot_image(24).pdf, id=631, 642.4pt x 481.8pt>
File: ./plots/plot_image(24).pdf Graphic file (type pdf)
 <use ./plots/plot_image(24).pdf>
Package pdftex.def Info: ./plots/plot_image(24).pdf used on input line 436.
(pdftex.def)             Requested size: 277.41176pt x 208.05951pt.
 <./plots/plot_image(25).pdf, id=632, 642.4pt x 481.8pt>
File: ./plots/plot_image(25).pdf Graphic file (type pdf)
 <use ./plots/plot_image(25).pdf>
Package pdftex.def Info: ./plots/plot_image(25).pdf used on input line 437.
(pdftex.def)             Requested size: 277.41176pt x 208.05951pt.
 <./plots/plot_image(26).pdf, id=633, 642.4pt x 481.8pt>
File: ./plots/plot_image(26).pdf Graphic file (type pdf)
 <use ./plots/plot_image(26).pdf>
Package pdftex.def Info: ./plots/plot_image(26).pdf used on input line 438.
(pdftex.def)             Requested size: 277.41176pt x 208.05951pt.
 <./plots/plot_image(27).pdf, id=634, 642.4pt x 481.8pt>
File: ./plots/plot_image(27).pdf Graphic file (type pdf)
 <use ./plots/plot_image(27).pdf>
Package pdftex.def Info: ./plots/plot_image(27).pdf used on input line 439.
(pdftex.def)             Requested size: 277.41176pt x 208.05951pt.
 <./plots/plot_image(28).pdf, id=635, 642.4pt x 481.8pt>
File: ./plots/plot_image(28).pdf Graphic file (type pdf)
 <use ./plots/plot_image(28).pdf>
Package pdftex.def Info: ./plots/plot_image(28).pdf used on input line 440.
(pdftex.def)             Requested size: 277.41176pt x 208.05951pt.

Overfull \hbox (54.39215pt too wide) in paragraph at lines 433--442
[][]  [][]   [][]
 []


Overfull \hbox (70.15216pt too wide) in paragraph at lines 433--442
[][] [][]
 []


Overfull \hbox (70.15216pt too wide) in paragraph at lines 433--442
[][] [][] 
 []

[16<./plots/plot_image(21).pdf><./plots/plot_image(22).pdf>]
Overfull \vbox (11.79266pt too high) has occurred while \output is active []

 [17<./plots/plot_image(23).pdf><./plots/plot_image(24).pdf><./plots/plot_image(25).pdf><./plots/plot_image(26).pdf><./plots/plot_image(27).pdf><./plots/plot_image(28).pdf>] [18] <schaltplanvan.png, id=821, 496.85625pt x 452.4403pt>
File: schaltplanvan.png Graphic file (type png)
 <use schaltplanvan.png>
Package pdftex.def Info: schaltplanvan.png used on input line 516.
(pdftex.def)             Requested size: 426.79135pt x 388.64235pt.
Package atveryend Info: Empty hook `BeforeClearDocument' on input line 520.
 [19</home/stefan/Projektpraktikum/protokoll/schaltplanvan.png>]
Package atveryend Info: Empty hook `AfterLastShipout' on input line 520.
 (/home/stefan/Projektpraktikum/protokoll/protokoll.aux)
Package atveryend Info: Executing hook `AtVeryEndDocument' on input line 520.
Package atveryend Info: Executing hook `AtEndAfterFileList' on input line 520.
Package rerunfilecheck Info: File `protokoll.out' has not changed.
(rerunfilecheck)             Checksum: 80B39D6A760C4D192C0950E7889909AF;1255.
Package atveryend Info: Empty hook `AtVeryVeryEnd' on input line 520.
)

Here is how much of LuaTeX's memory you used:
 23010 strings out of 495004
 100000,552014 words of node,token memory allocated
 479 words of node memory still in use:
   6 hlist, 2 vlist, 2 rule, 2 glue, 1 kern, 4 attribute, 59 glue_spec, 4 attribute_list, 1 write nodes
   avail lists: 2:527,3:158,4:967,5:620,6:3936,7:218,8:17,9:192,10:346
 25689 multiletter control sequences out of 65536+600000
 56 fonts using 5413351 bytes
 63i,12n,62p,346b,370s stack positions out of 5000i,500n,10000p,200000b,100000s
</home/stefan/.local/share/fonts/FiraSans-Italic.ttf></home/stefan/.local/share/fonts/FiraSans-BoldItalic.ttf></home/stefan/.local/share/fonts/FiraSans-Bold.ttf></home/stefan/.local/share/fonts/FiraSans-Regular.ttf></usr/share/texmf/fonts/opentype/public/lm/lmsans10-bold.otf><</usr/share/texlive/texmf-dist/fonts/type1/public/amsfonts/cm/cmmi12.pfb><</usr/share/texlive/texmf-dist/fonts/type1/public/amsfonts/cm/cmmi8.pfb><</usr/share/texlive/texmf-dist/fonts/type1/public/amsfonts/cm/cmr12.pfb><</usr/share/texlive/texmf-dist/fonts/type1/public/amsfonts/cm/cmr8.pfb><</usr/share/texlive/texmf-dist/fonts/type1/public/amsfonts/cm/cmsy10.pfb><</usr/share/texlive/texmf-dist/fonts/type1/public/amsfonts/cm/cmsy8.pfb>
Output written on protokoll.pdf (19 pages, 8402469 bytes).

PDF statistics: 884 PDF objects out of 1000 (max. 8388607)
 640 compressed objects within 7 object streams
 91 named destinations out of 1000 (max. 131072)
 137 words of extra memory for PDF output out of 10000 (max. 10000000)

